<?xml version="1.0" encoding="UTF-8"?>
<!-- Generated by org.testng.reporters.JUnitXMLReporter -->
<testsuite hostname="LAPTOP-M68A40QS" ignored="0" name="Default test" tests="3" failures="0" timestamp="16 Mar 2018 05:27:40 GMT" time="49.62" errors="0">
  <testcase name="Titletest" time="0.045" classname="PageTests.Logintest"/>
  <testcase name="verifyLogo" time="0.065" classname="PageTests.Logintest"/>
  <testcase name="Login" time="21.132" classname="PageTests.Logintest"/>
</testsuite> <!-- Default test -->
