<?xml version="1.0" encoding="UTF-8"?>
<testng-results skipped="0" failed="0" ignored="0" total="3" passed="3">
  <reporter-output>
  </reporter-output>
  <suite name="Default suite" duration-ms="49620" started-at="2018-03-16T05:26:50Z" finished-at="2018-03-16T05:27:40Z">
    <groups>
    </groups>
    <test name="Default test" duration-ms="49620" started-at="2018-03-16T05:26:50Z" finished-at="2018-03-16T05:27:40Z">
      <class name="PageTests.Logintest">
        <test-method status="PASS" signature="Setup()[pri:0, instance:PageTests.Logintest@589838eb]" name="Setup" is-config="true" duration-ms="9373" started-at="2018-03-16T10:56:50Z" finished-at="2018-03-16T10:56:59Z">
          <reporter-output>
          </reporter-output>
        </test-method> <!-- Setup -->
        <test-method status="PASS" signature="Titletest()[pri:1, instance:PageTests.Logintest@589838eb]" name="Titletest" duration-ms="45" started-at="2018-03-16T10:56:59Z" finished-at="2018-03-16T10:57:00Z">
          <reporter-output>
          </reporter-output>
        </test-method> <!-- Titletest -->
        <test-method status="PASS" signature="Quite()[pri:0, instance:PageTests.Logintest@589838eb]" name="Quite" is-config="true" duration-ms="896" started-at="2018-03-16T10:57:00Z" finished-at="2018-03-16T10:57:00Z">
          <reporter-output>
          </reporter-output>
        </test-method> <!-- Quite -->
        <test-method status="PASS" signature="Setup()[pri:0, instance:PageTests.Logintest@589838eb]" name="Setup" is-config="true" duration-ms="8178" started-at="2018-03-16T10:57:00Z" finished-at="2018-03-16T10:57:09Z">
          <reporter-output>
          </reporter-output>
        </test-method> <!-- Setup -->
        <test-method status="PASS" signature="verifyLogo()[pri:2, instance:PageTests.Logintest@589838eb]" name="verifyLogo" duration-ms="65" started-at="2018-03-16T10:57:09Z" finished-at="2018-03-16T10:57:09Z">
          <reporter-output>
          </reporter-output>
        </test-method> <!-- verifyLogo -->
        <test-method status="PASS" signature="Quite()[pri:0, instance:PageTests.Logintest@589838eb]" name="Quite" is-config="true" duration-ms="850" started-at="2018-03-16T10:57:09Z" finished-at="2018-03-16T10:57:10Z">
          <reporter-output>
          </reporter-output>
        </test-method> <!-- Quite -->
        <test-method status="PASS" signature="Setup()[pri:0, instance:PageTests.Logintest@589838eb]" name="Setup" is-config="true" duration-ms="8245" started-at="2018-03-16T10:57:10Z" finished-at="2018-03-16T10:57:18Z">
          <reporter-output>
          </reporter-output>
        </test-method> <!-- Setup -->
        <test-method status="PASS" signature="Login()[pri:3, instance:PageTests.Logintest@589838eb]" name="Login" duration-ms="21132" started-at="2018-03-16T10:57:18Z" finished-at="2018-03-16T10:57:39Z">
          <reporter-output>
          </reporter-output>
        </test-method> <!-- Login -->
        <test-method status="PASS" signature="Quite()[pri:0, instance:PageTests.Logintest@589838eb]" name="Quite" is-config="true" duration-ms="786" started-at="2018-03-16T10:57:39Z" finished-at="2018-03-16T10:57:40Z">
          <reporter-output>
          </reporter-output>
        </test-method> <!-- Quite -->
      </class> <!-- PageTests.Logintest -->
    </test> <!-- Default test -->
  </suite> <!-- Default suite -->
</testng-results>
